<?xml version="1.0" encoding="UTF-8"?>
<testng-results skipped="0" failed="1" ignored="0" total="4" passed="3">
  <reporter-output>
  </reporter-output>
  <suite name="Default suite" duration-ms="103" started-at="2022-04-19T00:30:43 GMT+07:00" finished-at="2022-04-19T00:30:43 GMT+07:00">
    <groups>
    </groups>
    <test name="Default test" duration-ms="103" started-at="2022-04-19T00:30:43 GMT+07:00" finished-at="2022-04-19T00:30:43 GMT+07:00">
      <class name="online_tusur.unit_online_tusur.Dinamic_test1">
        <test-method status="PASS" signature="test1()[pri:0, instance:online_tusur.unit_online_tusur.Dinamic_test1@17579e0f, instance params:[Vladimir, Vladimir]]" name="test1" duration-ms="9" started-at="2022-04-19T00:30:43 GMT+07:00" finished-at="2022-04-19T00:30:43 GMT+07:00">
          <reporter-output>
          </reporter-output>
        </test-method> <!-- test1 -->
        <test-method status="FAIL" signature="test1()[pri:0, instance:online_tusur.unit_online_tusur.Dinamic_test1@3712b94, instance params:[Alla-Victoriya, Alla-Victoriya]]" name="test1" duration-ms="5" started-at="2022-04-19T00:30:43 GMT+07:00" finished-at="2022-04-19T00:30:43 GMT+07:00">
          <exception class="java.lang.AssertionError">
            <message>
              <![CDATA[expected [Alla-victoriya] but found [Alla-Victoriya]]]>
            </message>
            <full-stacktrace>
              <![CDATA[java.lang.AssertionError: expected [Alla-victoriya] but found [Alla-Victoriya]
at org.testng.Assert.fail(Assert.java:99)
at org.testng.Assert.failNotEquals(Assert.java:1037)
at org.testng.Assert.assertEqualsImpl(Assert.java:140)
at org.testng.Assert.assertEquals(Assert.java:122)
at org.testng.Assert.assertEquals(Assert.java:629)
at org.testng.Assert.assertEquals(Assert.java:639)
at online_tusur.unit_online_tusur.Dinamic_test1.test1(Dinamic_test1.java:33)
at sun.reflect.NativeMethodAccessorImpl.invoke0(Native Method)
at sun.reflect.NativeMethodAccessorImpl.invoke(NativeMethodAccessorImpl.java:62)
at sun.reflect.DelegatingMethodAccessorImpl.invoke(DelegatingMethodAccessorImpl.java:43)
at java.lang.reflect.Method.invoke(Method.java:498)
at org.testng.internal.MethodInvocationHelper.invokeMethod(MethodInvocationHelper.java:133)
at org.testng.internal.TestInvoker.invokeMethod(TestInvoker.java:598)
at org.testng.internal.TestInvoker.invokeTestMethod(TestInvoker.java:173)
at org.testng.internal.MethodRunner.runInSequence(MethodRunner.java:46)
at org.testng.internal.TestInvoker$MethodInvocationAgent.invoke(TestInvoker.java:824)
at org.testng.internal.TestInvoker.invokeTestMethods(TestInvoker.java:146)
at org.testng.internal.TestMethodWorker.invokeTestMethods(TestMethodWorker.java:146)
at org.testng.internal.TestMethodWorker.run(TestMethodWorker.java:128)
at java.util.ArrayList.forEach(ArrayList.java:1257)
at org.testng.TestRunner.privateRun(TestRunner.java:794)
at org.testng.TestRunner.run(TestRunner.java:596)
at org.testng.SuiteRunner.runTest(SuiteRunner.java:377)
at org.testng.SuiteRunner.runSequentially(SuiteRunner.java:371)
at org.testng.SuiteRunner.privateRun(SuiteRunner.java:332)
at org.testng.SuiteRunner.run(SuiteRunner.java:276)
at org.testng.SuiteRunnerWorker.runSuite(SuiteRunnerWorker.java:53)
at org.testng.SuiteRunnerWorker.run(SuiteRunnerWorker.java:96)
at org.testng.TestNG.runSuitesSequentially(TestNG.java:1212)
at org.testng.TestNG.runSuitesLocally(TestNG.java:1134)
at org.testng.TestNG.runSuites(TestNG.java:1063)
at org.testng.TestNG.run(TestNG.java:1031)
at org.testng.remote.AbstractRemoteTestNG.run(AbstractRemoteTestNG.java:115)
at org.testng.remote.RemoteTestNG.initAndRun(RemoteTestNG.java:251)
at org.testng.remote.RemoteTestNG.main(RemoteTestNG.java:77)
]]>
            </full-stacktrace>
          </exception> <!-- java.lang.AssertionError -->
          <reporter-output>
          </reporter-output>
        </test-method> <!-- test1 -->
        <test-method status="PASS" signature="test1()[pri:0, instance:online_tusur.unit_online_tusur.Dinamic_test1@4b1c1ea0, instance params:[AleXandR, Alexandr]]" name="test1" duration-ms="8" started-at="2022-04-19T00:30:43 GMT+07:00" finished-at="2022-04-19T00:30:43 GMT+07:00">
          <reporter-output>
          </reporter-output>
        </test-method> <!-- test1 -->
        <test-method status="PASS" signature="test1()[pri:0, instance:online_tusur.unit_online_tusur.Dinamic_test1@4d41cee, instance params:[aleksey, Aleksey]]" name="test1" duration-ms="3" started-at="2022-04-19T00:30:43 GMT+07:00" finished-at="2022-04-19T00:30:43 GMT+07:00">
          <reporter-output>
          </reporter-output>
        </test-method> <!-- test1 -->
      </class> <!-- online_tusur.unit_online_tusur.Dinamic_test1 -->
    </test> <!-- Default test -->
  </suite> <!-- Default suite -->
</testng-results>
