<?xml version="1.0" encoding="UTF-8"?>
<!-- Generated by org.testng.reporters.JUnitXMLReporter -->
<testsuite hostname="DESKTOP-KSODPJ4" ignored="12" name="ChromeTest4" tests="1" failures="0" timestamp="2022-06-12T12:04:49 GMT+07:00" time="8.301" errors="0">
  <testcase name="testn_4" time="8.262" classname="Selenium_test.Selenium_tests.TriangleGridTestsNG"/>
  <testcase name="testn_1_1" time="0.0" classname="Selenium_test.Selenium_tests.TriangleGridTestsNG">
    <ignored/>
  </testcase> <!-- testn_1_1 -->
  <testcase name="testn_7" time="0.0" classname="Selenium_test.Selenium_tests.TriangleGridTestsNG">
    <ignored/>
  </testcase> <!-- testn_7 -->
  <testcase name="testp_5" time="0.0" classname="Selenium_test.Selenium_tests.TriangleGridTestsNG">
    <ignored/>
  </testcase> <!-- testp_5 -->
  <testcase name="testp_3" time="0.0" classname="Selenium_test.Selenium_tests.TriangleGridTestsNG">
    <ignored/>
  </testcase> <!-- testp_3 -->
  <testcase name="testn_5" time="0.0" classname="Selenium_test.Selenium_tests.TriangleGridTestsNG">
    <ignored/>
  </testcase> <!-- testn_5 -->
  <testcase name="testp_1" time="0.0" classname="Selenium_test.Selenium_tests.TriangleGridTestsNG">
    <ignored/>
  </testcase> <!-- testp_1 -->
  <testcase name="testn_3" time="0.0" classname="Selenium_test.Selenium_tests.TriangleGridTestsNG">
    <ignored/>
  </testcase> <!-- testn_3 -->
  <testcase name="testp_4" time="0.0" classname="Selenium_test.Selenium_tests.TriangleGridTestsNG">
    <ignored/>
  </testcase> <!-- testp_4 -->
  <testcase name="testn_6" time="0.0" classname="Selenium_test.Selenium_tests.TriangleGridTestsNG">
    <ignored/>
  </testcase> <!-- testn_6 -->
  <testcase name="testn_1" time="0.0" classname="Selenium_test.Selenium_tests.TriangleGridTestsNG">
    <ignored/>
  </testcase> <!-- testn_1 -->
  <testcase name="testp_2" time="0.0" classname="Selenium_test.Selenium_tests.TriangleGridTestsNG">
    <ignored/>
  </testcase> <!-- testp_2 -->
  <testcase name="testn_2" time="0.0" classname="Selenium_test.Selenium_tests.TriangleGridTestsNG">
    <ignored/>
  </testcase> <!-- testn_2 -->
</testsuite> <!-- ChromeTest4 -->
