<?xml version="1.0" encoding="UTF-8"?>
<testsuite xmlns:xsi="http://www.w3.org/2001/XMLSchema-instance" xsi:noNamespaceSchemaLocation="https://maven.apache.org/surefire/maven-surefire-plugin/xsd/surefire-test-report.xsd" name="online_tusur.unit_online_tusur.StudentTest" time="0.109" tests="4" errors="0" skipped="0" failures="1">
  <properties>
[...]
</properties>
  <testcase name="testP1_1" classname="online_tusur.unit_online_tusur.StudentTest" time="0.018"/>
  <testcase name="testP1_2" classname="online_tusur.unit_online_tusur.StudentTest" time="0.004"/>
  <testcase name="testP2_1" classname="online_tusur.unit_online_tusur.StudentTest" time="0.028">
    <failure message="expected: &lt;Пабло Диего Хосе Франциско де Паула Хуан Непомукено Криспин Криспиано де ла Сантисима Тринидад Руиз&gt; but was: &lt;Пабло диего хосе франциско де паула хуан непомукено криспин криспиано де ла сантисима тринидад руиз&gt;" type="org.opentest4j.AssertionFailedError"><![CDATA[org.opentest4j.AssertionFailedError: expected: <Пабло Диего Хосе Франциско де Паула Хуан Непомукено Криспин Криспиано де ла Сантисима Тринидад Руиз> but was: <Пабло диего хосе франциско де паула хуан непомукено криспин криспиано де ла сантисима тринидад руиз>
	at online_tusur.unit_online_tusur.StudentTest.testP2_1(StudentTest.java:78)
]]></failure>
  </testcase>
  <testcase name="testP3" classname="online_tusur.unit_online_tusur.StudentTest" time="0"/>
</testsuite>