<?xml version="1.0" encoding="UTF-8"?>
<!-- Generated by org.testng.reporters.JUnitXMLReporter -->
<testsuite hostname="DESKTOP-KSODPJ4" ignored="0" name="Test" tests="9" failures="5" timestamp="2022-05-03T23:36:51 GMT+07:00" time="0.225" errors="0">
  <testcase name="testWithTestNG3" time="0.01" classname="online_tusur.unit_online_tusur.Test_ng"/>
  <testcase name="testWithTestNG3" time="0.003" classname="online_tusur.unit_online_tusur.Test_ng"/>
  <testcase name="testWithTestNG3" time="0.013" classname="online_tusur.unit_online_tusur.Test_ng"/>
  <testcase name="testWithTestNG3" time="0.003" classname="online_tusur.unit_online_tusur.Test_ng">
    <failure type="java.lang.AssertionError" message="expected:&amp;lt;Alla-Victoriya&amp;gt; but was:&amp;lt;Alla-victoriya&amp;gt;">
      <![CDATA[java.lang.AssertionError: expected:<Alla-Victoriya> but was:<Alla-victoriya>
at online_tusur.unit_online_tusur.Test_ng.testWithTestNG3(Test_ng.java:74)
at java.util.ArrayList.forEach(ArrayList.java:1257)
... Removed 29 stack frames]]>
    </failure>
  </testcase> <!-- testWithTestNG3 -->
  <testcase name="testWithTestNG1" time="0.007" classname="online_tusur.unit_online_tusur.Test_ng">
    <failure type="java.lang.AssertionError" message="expected:&amp;lt;20&amp;gt; but was:&amp;lt;27&amp;gt;">
      <![CDATA[java.lang.AssertionError: expected:<20> but was:<27>
at online_tusur.unit_online_tusur.Test_ng.testWithTestNG1(Test_ng.java:51)
at java.util.ArrayList.forEach(ArrayList.java:1257)
... Removed 32 stack frames]]>
    </failure>
  </testcase> <!-- testWithTestNG1 -->
  <testcase name="testWithTestNG1" time="0.005" classname="online_tusur.unit_online_tusur.Test_ng">
    <failure type="java.lang.AssertionError" message="expected:&amp;lt;18&amp;gt; but was:&amp;lt;27&amp;gt;">
      <![CDATA[java.lang.AssertionError: expected:<18> but was:<27>
at online_tusur.unit_online_tusur.Test_ng.testWithTestNG1(Test_ng.java:51)
at java.util.ArrayList.forEach(ArrayList.java:1257)
... Removed 32 stack frames]]>
    </failure>
  </testcase> <!-- testWithTestNG1 -->
  <testcase name="testWithTestNG1" time="0.007" classname="online_tusur.unit_online_tusur.Test_ng">
    <failure type="java.lang.AssertionError" message="expected:&amp;lt;35&amp;gt; but was:&amp;lt;27&amp;gt;">
      <![CDATA[java.lang.AssertionError: expected:<35> but was:<27>
at online_tusur.unit_online_tusur.Test_ng.testWithTestNG1(Test_ng.java:51)
at java.util.ArrayList.forEach(ArrayList.java:1257)
... Removed 32 stack frames]]>
    </failure>
  </testcase> <!-- testWithTestNG1 -->
  <testcase name="testWithTestNG1" time="0.012" classname="online_tusur.unit_online_tusur.Test_ng"/>
  <testcase name="testWithTestNG" time="0.003" classname="online_tusur.unit_online_tusur.Test_ng">
    <failure type="java.lang.AssertionError" message="expected:&amp;lt;0&amp;gt; but was:&amp;lt;27&amp;gt;">
      <![CDATA[java.lang.AssertionError: expected:<0> but was:<27>
at online_tusur.unit_online_tusur.Test_ng.testWithTestNG(Test_ng.java:30)
at java.util.ArrayList.forEach(ArrayList.java:1257)
... Removed 32 stack frames]]>
    </failure>
  </testcase> <!-- testWithTestNG -->
</testsuite> <!-- Test -->
